<?xml version="1.0" encoding="UTF-8"?>
<testsuite name="QuantityMeasurementTestCases" tests="21" skipped="0" failures="0" errors="0" timestamp="2020-04-13T01:23:08" hostname="DESKTOP-7UGSU5P" time="0.018">
  <properties/>
  <testcase name="given1YardAnd3Feet_ShouldReturnTrue" classname="QuantityMeasurementTestCases" time="0.004"/>
  <testcase name="given36InchAnd1Yard_ShouldReturnTrue" classname="QuantityMeasurementTestCases" time="0.0"/>
  <testcase name="givenLengthInInch_ShouldReturnTrue" classname="QuantityMeasurementTestCases" time="0.0"/>
  <testcase name="givenInchAndInch_WhenAdded_ShouldReturnResult" classname="QuantityMeasurementTestCases" time="0.0"/>
  <testcase name="givenSameFeetValue_ShouldReturnTrue" classname="QuantityMeasurementTestCases" time="0.0"/>
  <testcase name="givenLengthInInchAndNull_ShouldReturnFalse" classname="QuantityMeasurementTestCases" time="0.0"/>
  <testcase name="given1FeetAnd1Yard_ShouldReturnTrue" classname="QuantityMeasurementTestCases" time="0.0"/>
  <testcase name="given3FeetAnd1Yard_ShouldReturnTrue" classname="QuantityMeasurementTestCases" time="0.0"/>
  <testcase name="givenFeetAndInch_ShouldReturnTrue" classname="QuantityMeasurementTestCases" time="0.001"/>
  <testcase name="given1YardAnd36Inch_ShouldReturnTrue" classname="QuantityMeasurementTestCases" time="0.0"/>
  <testcase name="givenSameFeetType_ShouldReturnTrue" classname="QuantityMeasurementTestCases" time="0.0"/>
  <testcase name="givenSameInchValue_ShouldReturnTrue" classname="QuantityMeasurementTestCases" time="0.0"/>
  <testcase name="givenSameInchRef_ShouldReturnTrue" classname="QuantityMeasurementTestCases" time="0.0"/>
  <testcase name="givenLengthInFeet_ShouldReturnTrue" classname="QuantityMeasurementTestCases" time="0.0"/>
  <testcase name="givenSameFeetRef_ShouldReturnTrue" classname="QuantityMeasurementTestCases" time="0.001"/>
  <testcase name="given1InchAnd1Yard_ShouldReturnTrue" classname="QuantityMeasurementTestCases" time="0.001"/>
  <testcase name="givenInchDifferentValue_ShouldReturnTrue" classname="QuantityMeasurementTestCases" time="0.0"/>
  <testcase name="givenFeetDifferentValue_ShouldReturnTrue" classname="QuantityMeasurementTestCases" time="0.0"/>
  <testcase name="given2InchAnd5Centimeter_ShouldReturnTrue" classname="QuantityMeasurementTestCases" time="0.001"/>
  <testcase name="givenLengthInFeetAndNull_ShouldReturnFalse" classname="QuantityMeasurementTestCases" time="0.0"/>
  <testcase name="givenSameInchType_ShouldReturnTrue" classname="QuantityMeasurementTestCases" time="0.0"/>
  <system-out><![CDATA[]]></system-out>
  <system-err><![CDATA[]]></system-err>
</testsuite>
