<?xml version="1.0" encoding="UTF-8"?>
<testsuite name="QuantityMeasurementTestCases" tests="9" skipped="0" failures="0" errors="0" timestamp="2020-04-11T09:30:18" hostname="DESKTOP-7UGSU5P" time="0.011">
  <properties/>
  <testcase name="givenLengthInInch_ShouldReturnTrue" classname="QuantityMeasurementTestCases" time="0.003"/>
  <testcase name="givenSameFeetValue_ShouldReturnTrue" classname="QuantityMeasurementTestCases" time="0.001"/>
  <testcase name="givenLengthInInchAndNull_ShouldReturnFalse" classname="QuantityMeasurementTestCases" time="0.0"/>
  <testcase name="givenSameFeetType_ShouldReturnTrue" classname="QuantityMeasurementTestCases" time="0.001"/>
  <testcase name="givenSameInchRef_ShouldReturnTrue" classname="QuantityMeasurementTestCases" time="0.0"/>
  <testcase name="givenLengthInFeet_ShouldReturnTrue" classname="QuantityMeasurementTestCases" time="0.0"/>
  <testcase name="givenSameFeetRef_ShouldReturnTrue" classname="QuantityMeasurementTestCases" time="0.001"/>
  <testcase name="givenFeetDifferentValue_ShouldReturnTrue" classname="QuantityMeasurementTestCases" time="0.0"/>
  <testcase name="givenLengthInFeetAndNull_ShouldReturnFalse" classname="QuantityMeasurementTestCases" time="0.0"/>
  <system-out><![CDATA[]]></system-out>
  <system-err><![CDATA[]]></system-err>
</testsuite>
