<?xml version="1.0" encoding="UTF-8"?>
<testsuite name="QuantityMeasurementTestCases" tests="1" skipped="0" failures="0" errors="0" timestamp="2020-04-13T01:19:27" hostname="DESKTOP-7UGSU5P" time="0.014">
  <properties/>
  <testcase name="givenInchAndInch_WhenAdded_ShouldReturnResult" classname="QuantityMeasurementTestCases" time="0.014"/>
  <system-out><![CDATA[]]></system-out>
  <system-err><![CDATA[]]></system-err>
</testsuite>
