<?xml version="1.0" encoding="UTF-8"?>
<testsuite name="QuantityMeasurementTestCases" tests="1" skipped="0" failures="0" errors="0" timestamp="2020-04-11T09:41:07" hostname="DESKTOP-7UGSU5P" time="0.006">
  <properties/>
  <testcase name="givenSameInchValue_ShouldReturnTrue" classname="QuantityMeasurementTestCases" time="0.006"/>
  <system-out><![CDATA[]]></system-out>
  <system-err><![CDATA[]]></system-err>
</testsuite>
